C:\USERS\ASPIRE E-1\DOCUMENTS\VISUAL STUDIO 2012\PROJECTS\CAR ANIMATION\DEMO\DEBUG\IMAGELOADER.OBJ
C:\USERS\ASPIRE E-1\DOCUMENTS\VISUAL STUDIO 2012\PROJECTS\CAR ANIMATION\DEMO\DEBUG\SOURCE.OBJ
C:\USERS\ASPIRE E-1\DOCUMENTS\VISUAL STUDIO 2012\PROJECTS\CAR ANIMATION\DEMO\DEBUG\VC110.PDB
C:\USERS\ASPIRE E-1\DOCUMENTS\VISUAL STUDIO 2012\PROJECTS\CAR ANIMATION\DEBUG\CAR.ILK
C:\USERS\ASPIRE E-1\DOCUMENTS\VISUAL STUDIO 2012\PROJECTS\CAR ANIMATION\DEBUG\CAR.EXE
C:\USERS\ASPIRE E-1\DOCUMENTS\VISUAL STUDIO 2012\PROJECTS\CAR ANIMATION\DEBUG\CAR.PDB
C:\Users\Aspire E-1\Documents\Visual Studio 2012\Projects\car Animation\demo\Debug\imageloader.obj
C:\Users\Aspire E-1\Documents\Visual Studio 2012\Projects\car Animation\demo\Debug\Source.obj
C:\Users\Aspire E-1\Documents\Visual Studio 2012\Projects\car Animation\demo\Debug\cl.command.1.tlog
C:\Users\Aspire E-1\Documents\Visual Studio 2012\Projects\car Animation\demo\Debug\CL.read.1.tlog
C:\Users\Aspire E-1\Documents\Visual Studio 2012\Projects\car Animation\demo\Debug\CL.write.1.tlog
C:\Users\Aspire E-1\Documents\Visual Studio 2012\Projects\car Animation\demo\Debug\link-cvtres.read.1.tlog
C:\Users\Aspire E-1\Documents\Visual Studio 2012\Projects\car Animation\demo\Debug\link-cvtres.write.1.tlog
C:\Users\Aspire E-1\Documents\Visual Studio 2012\Projects\car Animation\demo\Debug\link-rc.read.1.tlog
C:\Users\Aspire E-1\Documents\Visual Studio 2012\Projects\car Animation\demo\Debug\link-rc.write.1.tlog
C:\Users\Aspire E-1\Documents\Visual Studio 2012\Projects\car Animation\demo\Debug\link.1828-cvtres.read.1.tlog
C:\Users\Aspire E-1\Documents\Visual Studio 2012\Projects\car Animation\demo\Debug\link.1828-cvtres.write.1.tlog
C:\Users\Aspire E-1\Documents\Visual Studio 2012\Projects\car Animation\demo\Debug\link.1828-rc.read.1.tlog
C:\Users\Aspire E-1\Documents\Visual Studio 2012\Projects\car Animation\demo\Debug\link.1828-rc.write.1.tlog
C:\Users\Aspire E-1\Documents\Visual Studio 2012\Projects\car Animation\demo\Debug\link.1828.read.1.tlog
C:\Users\Aspire E-1\Documents\Visual Studio 2012\Projects\car Animation\demo\Debug\link.1828.write.1.tlog
C:\Users\Aspire E-1\Documents\Visual Studio 2012\Projects\car Animation\demo\Debug\link.4980-cvtres.read.1.tlog
C:\Users\Aspire E-1\Documents\Visual Studio 2012\Projects\car Animation\demo\Debug\link.4980-cvtres.write.1.tlog
C:\Users\Aspire E-1\Documents\Visual Studio 2012\Projects\car Animation\demo\Debug\link.4980-rc.read.1.tlog
C:\Users\Aspire E-1\Documents\Visual Studio 2012\Projects\car Animation\demo\Debug\link.4980-rc.write.1.tlog
C:\Users\Aspire E-1\Documents\Visual Studio 2012\Projects\car Animation\demo\Debug\link.4980.read.1.tlog
C:\Users\Aspire E-1\Documents\Visual Studio 2012\Projects\car Animation\demo\Debug\link.4980.write.1.tlog
C:\Users\Aspire E-1\Documents\Visual Studio 2012\Projects\car Animation\demo\Debug\link.5204-cvtres.read.1.tlog
C:\Users\Aspire E-1\Documents\Visual Studio 2012\Projects\car Animation\demo\Debug\link.5204-cvtres.write.1.tlog
C:\Users\Aspire E-1\Documents\Visual Studio 2012\Projects\car Animation\demo\Debug\link.5204-rc.read.1.tlog
C:\Users\Aspire E-1\Documents\Visual Studio 2012\Projects\car Animation\demo\Debug\link.5204-rc.write.1.tlog
C:\Users\Aspire E-1\Documents\Visual Studio 2012\Projects\car Animation\demo\Debug\link.5204.read.1.tlog
C:\Users\Aspire E-1\Documents\Visual Studio 2012\Projects\car Animation\demo\Debug\link.5204.write.1.tlog
C:\Users\Aspire E-1\Documents\Visual Studio 2012\Projects\car Animation\demo\Debug\link.5560-cvtres.read.1.tlog
C:\Users\Aspire E-1\Documents\Visual Studio 2012\Projects\car Animation\demo\Debug\link.5560-cvtres.write.1.tlog
C:\Users\Aspire E-1\Documents\Visual Studio 2012\Projects\car Animation\demo\Debug\link.5560-rc.read.1.tlog
C:\Users\Aspire E-1\Documents\Visual Studio 2012\Projects\car Animation\demo\Debug\link.5560-rc.write.1.tlog
C:\Users\Aspire E-1\Documents\Visual Studio 2012\Projects\car Animation\demo\Debug\link.5560.read.1.tlog
C:\Users\Aspire E-1\Documents\Visual Studio 2012\Projects\car Animation\demo\Debug\link.5560.write.1.tlog
C:\Users\Aspire E-1\Documents\Visual Studio 2012\Projects\car Animation\demo\Debug\link.6268-cvtres.read.1.tlog
C:\Users\Aspire E-1\Documents\Visual Studio 2012\Projects\car Animation\demo\Debug\link.6268-cvtres.write.1.tlog
C:\Users\Aspire E-1\Documents\Visual Studio 2012\Projects\car Animation\demo\Debug\link.6268-rc.read.1.tlog
C:\Users\Aspire E-1\Documents\Visual Studio 2012\Projects\car Animation\demo\Debug\link.6268-rc.write.1.tlog
C:\Users\Aspire E-1\Documents\Visual Studio 2012\Projects\car Animation\demo\Debug\link.6268.read.1.tlog
C:\Users\Aspire E-1\Documents\Visual Studio 2012\Projects\car Animation\demo\Debug\link.6268.write.1.tlog
C:\Users\Aspire E-1\Documents\Visual Studio 2012\Projects\car Animation\demo\Debug\link.command.1.tlog
C:\Users\Aspire E-1\Documents\Visual Studio 2012\Projects\car Animation\demo\Debug\link.read.1.tlog
C:\Users\Aspire E-1\Documents\Visual Studio 2012\Projects\car Animation\demo\Debug\link.write.1.tlog
C:\Users\Aspire E-1\Documents\Visual Studio 2012\Projects\car Animation\demo\Debug\vc110.idb
C:\Users\Aspire E-1\Documents\Visual Studio 2012\Projects\car Animation\demo\Debug\vc110.pdb
C:\Users\Aspire E-1\Documents\Visual Studio 2012\Projects\car Animation\Debug\car.pdb
C:\Users\Aspire E-1\Documents\Visual Studio 2012\Projects\car Animation\Debug\car.exe
C:\Users\Aspire E-1\Documents\Visual Studio 2012\Projects\car Animation\Debug\car.ilk
